# JRE version: OpenJDK Runtime Environment Corretto-21.0.9.10.1 (21.0.9+10) (build 21.0.9+10-LTS)
# Java VM: OpenJDK 64-Bit Server VM Corretto-21.0.9.10.1 (21.0.9+10-LTS, mixed mode, emulated-client, sharing, tiered, compressed oops, compressed class ptrs, g1 gc, windows-amd64)
GC Precious Log:
 CardTable entry size: 512
 Card Set container configuration: InlinePtr #cards 4 size 8 Array Of Cards #cards 16 size 48 Howl #buckets 8 coarsen threshold 3686 Howl Bitmap #cards 512 size 80 coarsen threshold 460 Card regions per heap region 1 cards per card region 4096
 CPUs: 16 total, 16 available
 Memory: 15772M
 Large Page Support: Disabled
 NUMA Support: Disabled
 Compressed Oops: Enabled (Zero based)
 Heap Region Size: 2M
 Heap Min Capacity: 8M
 Heap Initial Capacity: 248M
 Heap Max Capacity: 3944M
 Pre-touch: Disabled
 Parallel Workers: 13
 Concurrent Workers: 3
 Concurrent Refinement Workers: 13
 Periodic GC: Disabled
Heap:
 garbage-first heap   total 118784K, used 63665K [0x0000000709800000, 0x0000000800000000)
  region size 2048K, 15 young (30720K), 3 survivors (6144K)
 Metaspace       used 101293K, committed 102272K, reserved 1179648K
  class space    used 14028K, committed 14464K, reserved 1048576K
GC Heap History (20 events):
Event: 3.512 GC heap before
{Heap before GC invocations=17 (full 0):
 garbage-first heap   total 98304K, used 77573K [0x0000000709800000, 0x0000000800000000)
  region size 2048K, 28 young (57344K), 2 survivors (4096K)
 Metaspace       used 55992K, committed 56576K, reserved 1114112K
  class space    used 7732K, committed 8000K, reserved 1048576K
}
Event: 3.515 GC heap after
{Heap after GC invocations=18 (full 0):
 garbage-first heap   total 98304K, used 27373K [0x0000000709800000, 0x0000000800000000)
  region size 2048K, 3 young (6144K), 3 survivors (6144K)
 Metaspace       used 55992K, committed 56576K, reserved 1114112K
  class space    used 7732K, committed 8000K, reserved 1048576K
}
Event: 3.802 GC heap before
{Heap before GC invocations=18 (full 0):
 garbage-first heap   total 98304K, used 76525K [0x0000000709800000, 0x0000000800000000)
  region size 2048K, 28 young (57344K), 3 survivors (6144K)
 Metaspace       used 60619K, committed 61312K, reserved 1114112K
  class space    used 8402K, committed 8704K, reserved 1048576K
}
Event: 3.804 GC heap after
{Heap after GC invocations=19 (full 0):
 garbage-first heap   total 98304K, used 29002K [0x0000000709800000, 0x0000000800000000)
  region size 2048K, 3 young (6144K), 3 survivors (6144K)
 Metaspace       used 60619K, committed 61312K, reserved 1114112K
  class space    used 8402K, committed 8704K, reserved 1048576K
}
Event: 3.998 GC heap before
{Heap before GC invocations=19 (full 0):
 garbage-first heap   total 98304K, used 63818K [0x0000000709800000, 0x0000000800000000)
  region size 2048K, 21 young (43008K), 3 survivors (6144K)
 Metaspace       used 64150K, committed 64768K, reserved 1114112K
  class space    used 8903K, committed 9152K, reserved 1048576K
}
Event: 4.001 GC heap after
{Heap after GC invocations=20 (full 0):
 garbage-first heap   total 98304K, used 29670K [0x0000000709800000, 0x0000000800000000)
  region size 2048K, 3 young (6144K), 3 survivors (6144K)
 Metaspace       used 64150K, committed 64768K, reserved 1114112K
  class space    used 8903K, committed 9152K, reserved 1048576K
}
Event: 4.318 GC heap before
{Heap before GC invocations=21 (full 0):
 garbage-first heap   total 98304K, used 78822K [0x0000000709800000, 0x0000000800000000)
  region size 2048K, 28 young (57344K), 3 survivors (6144K)
 Metaspace       used 68580K, committed 69184K, reserved 1114112K
  class space    used 9717K, committed 9984K, reserved 1048576K
}
Event: 4.320 GC heap after
{Heap after GC invocations=22 (full 0):
 garbage-first heap   total 118784K, used 30589K [0x0000000709800000, 0x0000000800000000)
  region size 2048K, 3 young (6144K), 3 survivors (6144K)
 Metaspace       used 68580K, committed 69184K, reserved 1114112K
  class space    used 9717K, committed 9984K, reserved 1048576K
}
Event: 4.863 GC heap before
{Heap before GC invocations=22 (full 0):
 garbage-first heap   total 118784K, used 92029K [0x0000000709800000, 0x0000000800000000)
  region size 2048K, 34 young (69632K), 3 survivors (6144K)
 Metaspace       used 74770K, committed 75456K, reserved 1114112K
  class space    used 10692K, committed 11008K, reserved 1048576K
}
Event: 4.866 GC heap after
{Heap after GC invocations=23 (full 0):
 garbage-first heap   total 118784K, used 32933K [0x0000000709800000, 0x0000000800000000)
  region size 2048K, 4 young (8192K), 4 survivors (8192K)
 Metaspace       used 74770K, committed 75456K, reserved 1114112K
  class space    used 10692K, committed 11008K, reserved 1048576K
}
Event: 5.217 GC heap before
{Heap before GC invocations=23 (full 0):
 garbage-first heap   total 118784K, used 94373K [0x0000000709800000, 0x0000000800000000)
  region size 2048K, 34 young (69632K), 4 survivors (8192K)
 Metaspace       used 80747K, committed 81472K, reserved 1179648K
  class space    used 11436K, committed 11776K, reserved 1048576K
}
Event: 5.220 GC heap after
{Heap after GC invocations=24 (full 0):
 garbage-first heap   total 118784K, used 34664K [0x0000000709800000, 0x0000000800000000)
  region size 2048K, 3 young (6144K), 3 survivors (6144K)
 Metaspace       used 80747K, committed 81472K, reserved 1179648K
  class space    used 11436K, committed 11776K, reserved 1048576K
}
Event: 5.682 GC heap before
{Heap before GC invocations=24 (full 0):
 garbage-first heap   total 118784K, used 98152K [0x0000000709800000, 0x0000000800000000)
  region size 2048K, 34 young (69632K), 3 survivors (6144K)
 Metaspace       used 85215K, committed 86016K, reserved 1179648K
  class space    used 12164K, committed 12544K, reserved 1048576K
}
Event: 5.686 GC heap after
{Heap after GC invocations=25 (full 0):
 garbage-first heap   total 118784K, used 39516K [0x0000000709800000, 0x0000000800000000)
  region size 2048K, 5 young (10240K), 5 survivors (10240K)
 Metaspace       used 85215K, committed 86016K, reserved 1179648K
  class space    used 12164K, committed 12544K, reserved 1048576K
}
Event: 5.944 GC heap before
{Heap before GC invocations=25 (full 0):
 garbage-first heap   total 118784K, used 96860K [0x0000000709800000, 0x0000000800000000)
  region size 2048K, 34 young (69632K), 5 survivors (10240K)
 Metaspace       used 90769K, committed 91584K, reserved 1179648K
  class space    used 12603K, committed 12992K, reserved 1048576K
}
Event: 5.950 GC heap after
{Heap after GC invocations=26 (full 0):
 garbage-first heap   total 118784K, used 40706K [0x0000000709800000, 0x0000000800000000)
  region size 2048K, 3 young (6144K), 3 survivors (6144K)
 Metaspace       used 90769K, committed 91584K, reserved 1179648K
  class space    used 12603K, committed 12992K, reserved 1048576K
}
Event: 6.265 GC heap before
{Heap before GC invocations=26 (full 0):
 garbage-first heap   total 118784K, used 104194K [0x0000000709800000, 0x0000000800000000)
  region size 2048K, 34 young (69632K), 3 survivors (6144K)
 Metaspace       used 96054K, committed 96896K, reserved 1179648K
  class space    used 13214K, committed 13632K, reserved 1048576K
}
Event: 6.268 GC heap after
{Heap after GC invocations=27 (full 0):
 garbage-first heap   total 118784K, used 40960K [0x0000000709800000, 0x0000000800000000)
  region size 2048K, 3 young (6144K), 3 survivors (6144K)
 Metaspace       used 96054K, committed 96896K, reserved 1179648K
  class space    used 13214K, committed 13632K, reserved 1048576K
}
Event: 43.396 GC heap before
{Heap before GC invocations=27 (full 0):
 garbage-first heap   total 118784K, used 102400K [0x0000000709800000, 0x0000000800000000)
  region size 2048K, 34 young (69632K), 3 survivors (6144K)
 Metaspace       used 101015K, committed 101888K, reserved 1179648K
  class space    used 13987K, committed 14400K, reserved 1048576K
}
Event: 43.401 GC heap after
{Heap after GC invocations=28 (full 0):
 garbage-first heap   total 118784K, used 43185K [0x0000000709800000, 0x0000000800000000)
  region size 2048K, 3 young (6144K), 3 survivors (6144K)
 Metaspace       used 101015K, committed 101888K, reserved 1179648K
  class space    used 13987K, committed 14400K, reserved 1048576K
}

