# JRE version: OpenJDK Runtime Environment Corretto-21.0.9.10.1 (21.0.9+10) (build 21.0.9+10-LTS)
# Java VM: OpenJDK 64-Bit Server VM Corretto-21.0.9.10.1 (21.0.9+10-LTS, mixed mode, emulated-client, sharing, tiered, compressed oops, compressed class ptrs, g1 gc, windows-amd64)
GC Precious Log:
 CardTable entry size: 512
 Card Set container configuration: InlinePtr #cards 4 size 8 Array Of Cards #cards 16 size 48 Howl #buckets 8 coarsen threshold 3686 Howl Bitmap #cards 512 size 80 coarsen threshold 460 Card regions per heap region 1 cards per card region 4096
 CPUs: 16 total, 16 available
 Memory: 15772M
 Large Page Support: Disabled
 NUMA Support: Disabled
 Compressed Oops: Enabled (Zero based)
 Heap Region Size: 2M
 Heap Min Capacity: 8M
 Heap Initial Capacity: 248M
 Heap Max Capacity: 3944M
 Pre-touch: Disabled
 Parallel Workers: 13
 Concurrent Workers: 3
 Concurrent Refinement Workers: 13
 Periodic GC: Disabled
Heap:
 garbage-first heap   total 110592K, used 51439K [0x0000000709800000, 0x0000000800000000)
  region size 2048K, 8 young (16384K), 3 survivors (6144K)
 Metaspace       used 100799K, committed 101696K, reserved 1179648K
  class space    used 14002K, committed 14400K, reserved 1048576K
GC Heap History (20 events):
Event: 3.630 GC heap before
{Heap before GC invocations=17 (full 0):
 garbage-first heap   total 92160K, used 74537K [0x0000000709800000, 0x0000000800000000)
  region size 2048K, 27 young (55296K), 3 survivors (6144K)
 Metaspace       used 59030K, committed 59712K, reserved 1114112K
  class space    used 8223K, committed 8512K, reserved 1048576K
}
Event: 3.632 GC heap after
{Heap after GC invocations=18 (full 0):
 garbage-first heap   total 110592K, used 28778K [0x0000000709800000, 0x0000000800000000)
  region size 2048K, 3 young (6144K), 3 survivors (6144K)
 Metaspace       used 59030K, committed 59712K, reserved 1114112K
  class space    used 8223K, committed 8512K, reserved 1048576K
}
Event: 3.982 GC heap before
{Heap before GC invocations=18 (full 0):
 garbage-first heap   total 110592K, used 86122K [0x0000000709800000, 0x0000000800000000)
  region size 2048K, 32 young (65536K), 3 survivors (6144K)
 Metaspace       used 64811K, committed 65472K, reserved 1114112K
  class space    used 9100K, committed 9408K, reserved 1048576K
}
Event: 3.988 GC heap after
{Heap after GC invocations=19 (full 0):
 garbage-first heap   total 110592K, used 30199K [0x0000000709800000, 0x0000000800000000)
  region size 2048K, 3 young (6144K), 3 survivors (6144K)
 Metaspace       used 64811K, committed 65472K, reserved 1114112K
  class space    used 9100K, committed 9408K, reserved 1048576K
}
Event: 4.353 GC heap before
{Heap before GC invocations=19 (full 0):
 garbage-first heap   total 110592K, used 89591K [0x0000000709800000, 0x0000000800000000)
  region size 2048K, 32 young (65536K), 3 survivors (6144K)
 Metaspace       used 70315K, committed 70976K, reserved 1114112K
  class space    used 9959K, committed 10240K, reserved 1048576K
}
Event: 4.356 GC heap after
{Heap after GC invocations=20 (full 0):
 garbage-first heap   total 110592K, used 30885K [0x0000000709800000, 0x0000000800000000)
  region size 2048K, 3 young (6144K), 3 survivors (6144K)
 Metaspace       used 70315K, committed 70976K, reserved 1114112K
  class space    used 9959K, committed 10240K, reserved 1048576K
}
Event: 4.872 GC heap before
{Heap before GC invocations=20 (full 0):
 garbage-first heap   total 110592K, used 90277K [0x0000000709800000, 0x0000000800000000)
  region size 2048K, 32 young (65536K), 3 survivors (6144K)
 Metaspace       used 76234K, committed 76928K, reserved 1179648K
  class space    used 10839K, committed 11136K, reserved 1048576K
}
Event: 4.875 GC heap after
{Heap after GC invocations=21 (full 0):
 garbage-first heap   total 110592K, used 33364K [0x0000000709800000, 0x0000000800000000)
  region size 2048K, 4 young (8192K), 4 survivors (8192K)
 Metaspace       used 76234K, committed 76928K, reserved 1179648K
  class space    used 10839K, committed 11136K, reserved 1048576K
}
Event: 5.223 GC heap before
{Heap before GC invocations=21 (full 0):
 garbage-first heap   total 110592K, used 90708K [0x0000000709800000, 0x0000000800000000)
  region size 2048K, 32 young (65536K), 4 survivors (8192K)
 Metaspace       used 81318K, committed 82048K, reserved 1179648K
  class space    used 11496K, committed 11840K, reserved 1048576K
}
Event: 5.226 GC heap after
{Heap after GC invocations=22 (full 0):
 garbage-first heap   total 110592K, used 35492K [0x0000000709800000, 0x0000000800000000)
  region size 2048K, 3 young (6144K), 3 survivors (6144K)
 Metaspace       used 81318K, committed 82048K, reserved 1179648K
  class space    used 11496K, committed 11840K, reserved 1048576K
}
Event: 5.645 GC heap before
{Heap before GC invocations=22 (full 0):
 garbage-first heap   total 110592K, used 94884K [0x0000000709800000, 0x0000000800000000)
  region size 2048K, 32 young (65536K), 3 survivors (6144K)
 Metaspace       used 85632K, committed 86464K, reserved 1179648K
  class space    used 12197K, committed 12544K, reserved 1048576K
}
Event: 5.649 GC heap after
{Heap after GC invocations=23 (full 0):
 garbage-first heap   total 110592K, used 39094K [0x0000000709800000, 0x0000000800000000)
  region size 2048K, 3 young (6144K), 3 survivors (6144K)
 Metaspace       used 85632K, committed 86464K, reserved 1179648K
  class space    used 12197K, committed 12544K, reserved 1048576K
}
Event: 5.884 GC heap before
{Heap before GC invocations=23 (full 0):
 garbage-first heap   total 110592K, used 96438K [0x0000000709800000, 0x0000000800000000)
  region size 2048K, 32 young (65536K), 3 survivors (6144K)
 Metaspace       used 91140K, committed 91968K, reserved 1179648K
  class space    used 12622K, committed 12992K, reserved 1048576K
}
Event: 5.886 GC heap after
{Heap after GC invocations=24 (full 0):
 garbage-first heap   total 110592K, used 40688K [0x0000000709800000, 0x0000000800000000)
  region size 2048K, 3 young (6144K), 3 survivors (6144K)
 Metaspace       used 91140K, committed 91968K, reserved 1179648K
  class space    used 12622K, committed 12992K, reserved 1048576K
}
Event: 5.906 GC heap before
{Heap before GC invocations=24 (full 0):
 garbage-first heap   total 110592K, used 44784K [0x0000000709800000, 0x0000000800000000)
  region size 2048K, 6 young (12288K), 3 survivors (6144K)
 Metaspace       used 91688K, committed 92480K, reserved 1179648K
  class space    used 12658K, committed 12992K, reserved 1048576K
}
Event: 5.909 GC heap after
{Heap after GC invocations=25 (full 0):
 garbage-first heap   total 110592K, used 40723K [0x0000000709800000, 0x0000000800000000)
  region size 2048K, 1 young (2048K), 1 survivors (2048K)
 Metaspace       used 91688K, committed 92480K, reserved 1179648K
  class space    used 12658K, committed 12992K, reserved 1048576K
}
Event: 6.206 GC heap before
{Heap before GC invocations=26 (full 0):
 garbage-first heap   total 110592K, used 100115K [0x0000000709800000, 0x0000000800000000)
  region size 2048K, 30 young (61440K), 1 survivors (2048K)
 Metaspace       used 95938K, committed 96832K, reserved 1179648K
  class space    used 13243K, committed 13632K, reserved 1048576K
}
Event: 6.208 GC heap after
{Heap after GC invocations=27 (full 0):
 garbage-first heap   total 110592K, used 41254K [0x0000000709800000, 0x0000000800000000)
  region size 2048K, 2 young (4096K), 2 survivors (4096K)
 Metaspace       used 95938K, committed 96832K, reserved 1179648K
  class space    used 13243K, committed 13632K, reserved 1048576K
}
Event: 16.388 GC heap before
{Heap before GC invocations=27 (full 0):
 garbage-first heap   total 110592K, used 98598K [0x0000000709800000, 0x0000000800000000)
  region size 2048K, 30 young (61440K), 2 survivors (4096K)
 Metaspace       used 100784K, committed 101696K, reserved 1179648K
  class space    used 14001K, committed 14400K, reserved 1048576K
}
Event: 16.392 GC heap after
{Heap after GC invocations=28 (full 0):
 garbage-first heap   total 110592K, used 43247K [0x0000000709800000, 0x0000000800000000)
  region size 2048K, 3 young (6144K), 3 survivors (6144K)
 Metaspace       used 100784K, committed 101696K, reserved 1179648K
  class space    used 14001K, committed 14400K, reserved 1048576K
}

