# JRE version: OpenJDK Runtime Environment Corretto-21.0.9.10.1 (21.0.9+10) (build 21.0.9+10-LTS)
# Java VM: OpenJDK 64-Bit Server VM Corretto-21.0.9.10.1 (21.0.9+10-LTS, mixed mode, emulated-client, sharing, tiered, compressed oops, compressed class ptrs, g1 gc, windows-amd64)
GC Precious Log:
 CardTable entry size: 512
 Card Set container configuration: InlinePtr #cards 4 size 8 Array Of Cards #cards 16 size 48 Howl #buckets 8 coarsen threshold 3686 Howl Bitmap #cards 512 size 80 coarsen threshold 460 Card regions per heap region 1 cards per card region 4096
 CPUs: 16 total, 16 available
 Memory: 15772M
 Large Page Support: Disabled
 NUMA Support: Disabled
 Compressed Oops: Enabled (Zero based)
 Heap Region Size: 2M
 Heap Min Capacity: 8M
 Heap Initial Capacity: 248M
 Heap Max Capacity: 3944M
 Pre-touch: Disabled
 Parallel Workers: 13
 Concurrent Workers: 3
 Concurrent Refinement Workers: 13
 Periodic GC: Disabled
Heap:
 garbage-first heap   total 110592K, used 51330K [0x0000000709800000, 0x0000000800000000)
  region size 2048K, 8 young (16384K), 3 survivors (6144K)
 Metaspace       used 100450K, committed 101376K, reserved 1179648K
  class space    used 13909K, committed 14336K, reserved 1048576K
GC Heap History (20 events):
Event: 3.748 GC heap before
{Heap before GC invocations=17 (full 0):
 garbage-first heap   total 92160K, used 74391K [0x0000000709800000, 0x0000000800000000)
  region size 2048K, 27 young (55296K), 3 survivors (6144K)
 Metaspace       used 59456K, committed 60096K, reserved 1114112K
  class space    used 8286K, committed 8576K, reserved 1048576K
}
Event: 3.751 GC heap after
{Heap after GC invocations=18 (full 0):
 garbage-first heap   total 92160K, used 29211K [0x0000000709800000, 0x0000000800000000)
  region size 2048K, 3 young (6144K), 3 survivors (6144K)
 Metaspace       used 59456K, committed 60096K, reserved 1114112K
  class space    used 8286K, committed 8576K, reserved 1048576K
}
Event: 4.015 GC heap before
{Heap before GC invocations=18 (full 0):
 garbage-first heap   total 92160K, used 76315K [0x0000000709800000, 0x0000000800000000)
  region size 2048K, 27 young (55296K), 3 survivors (6144K)
 Metaspace       used 64344K, committed 65024K, reserved 1114112K
  class space    used 9043K, committed 9344K, reserved 1048576K
}
Event: 4.018 GC heap after
{Heap after GC invocations=19 (full 0):
 garbage-first heap   total 92160K, used 29937K [0x0000000709800000, 0x0000000800000000)
  region size 2048K, 3 young (6144K), 3 survivors (6144K)
 Metaspace       used 64344K, committed 65024K, reserved 1114112K
  class space    used 9043K, committed 9344K, reserved 1048576K
}
Event: 4.317 GC heap before
{Heap before GC invocations=19 (full 0):
 garbage-first heap   total 92160K, used 79089K [0x0000000709800000, 0x0000000800000000)
  region size 2048K, 27 young (55296K), 3 survivors (6144K)
 Metaspace       used 68836K, committed 69504K, reserved 1114112K
  class space    used 9736K, committed 10048K, reserved 1048576K
}
Event: 4.319 GC heap after
{Heap after GC invocations=20 (full 0):
 garbage-first heap   total 110592K, used 30694K [0x0000000709800000, 0x0000000800000000)
  region size 2048K, 3 young (6144K), 3 survivors (6144K)
 Metaspace       used 68836K, committed 69504K, reserved 1114112K
  class space    used 9736K, committed 10048K, reserved 1048576K
}
Event: 4.835 GC heap before
{Heap before GC invocations=20 (full 0):
 garbage-first heap   total 110592K, used 90086K [0x0000000709800000, 0x0000000800000000)
  region size 2048K, 32 young (65536K), 3 survivors (6144K)
 Metaspace       used 74481K, committed 75136K, reserved 1114112K
  class space    used 10610K, committed 10880K, reserved 1048576K
}
Event: 4.838 GC heap after
{Heap after GC invocations=21 (full 0):
 garbage-first heap   total 110592K, used 33407K [0x0000000709800000, 0x0000000800000000)
  region size 2048K, 4 young (8192K), 4 survivors (8192K)
 Metaspace       used 74481K, committed 75136K, reserved 1114112K
  class space    used 10610K, committed 10880K, reserved 1048576K
}
Event: 5.159 GC heap before
{Heap before GC invocations=21 (full 0):
 garbage-first heap   total 110592K, used 90751K [0x0000000709800000, 0x0000000800000000)
  region size 2048K, 32 young (65536K), 4 survivors (8192K)
 Metaspace       used 80432K, committed 81216K, reserved 1179648K
  class space    used 11352K, committed 11712K, reserved 1048576K
}
Event: 5.162 GC heap after
{Heap after GC invocations=22 (full 0):
 garbage-first heap   total 110592K, used 34886K [0x0000000709800000, 0x0000000800000000)
  region size 2048K, 3 young (6144K), 3 survivors (6144K)
 Metaspace       used 80432K, committed 81216K, reserved 1179648K
  class space    used 11352K, committed 11712K, reserved 1048576K
}
Event: 5.583 GC heap before
{Heap before GC invocations=22 (full 0):
 garbage-first heap   total 110592K, used 94278K [0x0000000709800000, 0x0000000800000000)
  region size 2048K, 32 young (65536K), 3 survivors (6144K)
 Metaspace       used 84519K, committed 85312K, reserved 1179648K
  class space    used 12009K, committed 12352K, reserved 1048576K
}
Event: 5.586 GC heap after
{Heap after GC invocations=23 (full 0):
 garbage-first heap   total 110592K, used 37958K [0x0000000709800000, 0x0000000800000000)
  region size 2048K, 4 young (8192K), 4 survivors (8192K)
 Metaspace       used 84519K, committed 85312K, reserved 1179648K
  class space    used 12009K, committed 12352K, reserved 1048576K
}
Event: 5.868 GC heap before
{Heap before GC invocations=23 (full 0):
 garbage-first heap   total 110592K, used 93254K [0x0000000709800000, 0x0000000800000000)
  region size 2048K, 32 young (65536K), 4 survivors (8192K)
 Metaspace       used 89694K, committed 90496K, reserved 1179648K
  class space    used 12525K, committed 12864K, reserved 1048576K
}
Event: 5.871 GC heap after
{Heap after GC invocations=24 (full 0):
 garbage-first heap   total 110592K, used 40410K [0x0000000709800000, 0x0000000800000000)
  region size 2048K, 3 young (6144K), 3 survivors (6144K)
 Metaspace       used 89694K, committed 90496K, reserved 1179648K
  class space    used 12525K, committed 12864K, reserved 1048576K
}
Event: 5.965 GC heap before
{Heap before GC invocations=24 (full 0):
 garbage-first heap   total 110592K, used 67034K [0x0000000709800000, 0x0000000800000000)
  region size 2048K, 17 young (34816K), 3 survivors (6144K)
 Metaspace       used 92332K, committed 93120K, reserved 1179648K
  class space    used 12695K, committed 13056K, reserved 1048576K
}
Event: 5.968 GC heap after
{Heap after GC invocations=25 (full 0):
 garbage-first heap   total 110592K, used 41046K [0x0000000709800000, 0x0000000800000000)
  region size 2048K, 2 young (4096K), 2 survivors (4096K)
 Metaspace       used 92332K, committed 93120K, reserved 1179648K
  class space    used 12695K, committed 13056K, reserved 1048576K
}
Event: 6.279 GC heap before
{Heap before GC invocations=26 (full 0):
 garbage-first heap   total 110592K, used 98390K [0x0000000709800000, 0x0000000800000000)
  region size 2048K, 31 young (63488K), 2 survivors (4096K)
 Metaspace       used 96273K, committed 97088K, reserved 1179648K
  class space    used 13302K, committed 13696K, reserved 1048576K
}
Event: 6.282 GC heap after
{Heap after GC invocations=27 (full 0):
 garbage-first heap   total 110592K, used 41856K [0x0000000709800000, 0x0000000800000000)
  region size 2048K, 2 young (4096K), 2 survivors (4096K)
 Metaspace       used 96273K, committed 97088K, reserved 1179648K
  class space    used 13302K, committed 13696K, reserved 1048576K
}
Event: 102.139 GC heap before
{Heap before GC invocations=27 (full 0):
 garbage-first heap   total 110592K, used 99200K [0x0000000709800000, 0x0000000800000000)
  region size 2048K, 31 young (63488K), 2 survivors (4096K)
 Metaspace       used 100440K, committed 101376K, reserved 1179648K
  class space    used 13908K, committed 14336K, reserved 1048576K
}
Event: 102.142 GC heap after
{Heap after GC invocations=28 (full 0):
 garbage-first heap   total 110592K, used 43138K [0x0000000709800000, 0x0000000800000000)
  region size 2048K, 3 young (6144K), 3 survivors (6144K)
 Metaspace       used 100440K, committed 101376K, reserved 1179648K
  class space    used 13908K, committed 14336K, reserved 1048576K
}

