# JRE version: OpenJDK Runtime Environment Corretto-21.0.9.10.1 (21.0.9+10) (build 21.0.9+10-LTS)
# Java VM: OpenJDK 64-Bit Server VM Corretto-21.0.9.10.1 (21.0.9+10-LTS, mixed mode, emulated-client, sharing, tiered, compressed oops, compressed class ptrs, g1 gc, windows-amd64)
GC Precious Log:
 CardTable entry size: 512
 Card Set container configuration: InlinePtr #cards 4 size 8 Array Of Cards #cards 16 size 48 Howl #buckets 8 coarsen threshold 3686 Howl Bitmap #cards 512 size 80 coarsen threshold 460 Card regions per heap region 1 cards per card region 4096
 CPUs: 16 total, 16 available
 Memory: 15772M
 Large Page Support: Disabled
 NUMA Support: Disabled
 Compressed Oops: Enabled (Zero based)
 Heap Region Size: 2M
 Heap Min Capacity: 8M
 Heap Initial Capacity: 248M
 Heap Max Capacity: 3944M
 Pre-touch: Disabled
 Parallel Workers: 13
 Concurrent Workers: 3
 Concurrent Refinement Workers: 13
 Periodic GC: Disabled
Heap:
 garbage-first heap   total 112640K, used 48052K [0x0000000709800000, 0x0000000800000000)
  region size 2048K, 7 young (14336K), 2 survivors (4096K)
 Metaspace       used 100804K, committed 101568K, reserved 1179648K
  class space    used 14012K, committed 14336K, reserved 1048576K
GC Heap History (20 events):
Event: 5.082 GC heap before
{Heap before GC invocations=21 (full 0):
 garbage-first heap   total 110592K, used 90501K [0x0000000709800000, 0x0000000800000000)
  region size 2048K, 32 young (65536K), 3 survivors (6144K)
 Metaspace       used 76899K, committed 77632K, reserved 1179648K
  class space    used 10913K, committed 11200K, reserved 1048576K
}
Event: 5.085 GC heap after
{Heap after GC invocations=22 (full 0):
 garbage-first heap   total 110592K, used 33560K [0x0000000709800000, 0x0000000800000000)
  region size 2048K, 4 young (8192K), 4 survivors (8192K)
 Metaspace       used 76899K, committed 77632K, reserved 1179648K
  class space    used 10913K, committed 11200K, reserved 1048576K
}
Event: 5.477 GC heap before
{Heap before GC invocations=22 (full 0):
 garbage-first heap   total 110592K, used 90904K [0x0000000709800000, 0x0000000800000000)
  region size 2048K, 32 young (65536K), 4 survivors (8192K)
 Metaspace       used 81707K, committed 82496K, reserved 1179648K
  class space    used 11551K, committed 11904K, reserved 1048576K
}
Event: 5.480 GC heap after
{Heap after GC invocations=23 (full 0):
 garbage-first heap   total 110592K, used 35455K [0x0000000709800000, 0x0000000800000000)
  region size 2048K, 3 young (6144K), 3 survivors (6144K)
 Metaspace       used 81707K, committed 82496K, reserved 1179648K
  class space    used 11551K, committed 11904K, reserved 1048576K
}
Event: 5.898 GC heap before
{Heap before GC invocations=23 (full 0):
 garbage-first heap   total 110592K, used 94847K [0x0000000709800000, 0x0000000800000000)
  region size 2048K, 32 young (65536K), 3 survivors (6144K)
 Metaspace       used 85911K, committed 86784K, reserved 1179648K
  class space    used 12219K, committed 12608K, reserved 1048576K
}
Event: 5.902 GC heap after
{Heap after GC invocations=24 (full 0):
 garbage-first heap   total 110592K, used 39222K [0x0000000709800000, 0x0000000800000000)
  region size 2048K, 3 young (6144K), 3 survivors (6144K)
 Metaspace       used 85911K, committed 86784K, reserved 1179648K
  class space    used 12219K, committed 12608K, reserved 1048576K
}
Event: 6.146 GC heap before
{Heap before GC invocations=24 (full 0):
 garbage-first heap   total 110592K, used 96566K [0x0000000709800000, 0x0000000800000000)
  region size 2048K, 32 young (65536K), 3 survivors (6144K)
 Metaspace       used 91699K, committed 92480K, reserved 1179648K
  class space    used 12648K, committed 12992K, reserved 1048576K
}
Event: 6.149 GC heap after
{Heap after GC invocations=25 (full 0):
 garbage-first heap   total 110592K, used 40435K [0x0000000709800000, 0x0000000800000000)
  region size 2048K, 3 young (6144K), 3 survivors (6144K)
 Metaspace       used 91699K, committed 92480K, reserved 1179648K
  class space    used 12648K, committed 12992K, reserved 1048576K
}
Event: 6.170 GC heap before
{Heap before GC invocations=25 (full 0):
 garbage-first heap   total 110592K, used 44531K [0x0000000709800000, 0x0000000800000000)
  region size 2048K, 6 young (12288K), 3 survivors (6144K)
 Metaspace       used 92262K, committed 93056K, reserved 1179648K
  class space    used 12684K, committed 13056K, reserved 1048576K
}
Event: 6.173 GC heap after
{Heap after GC invocations=26 (full 0):
 garbage-first heap   total 110592K, used 41185K [0x0000000709800000, 0x0000000800000000)
  region size 2048K, 1 young (2048K), 1 survivors (2048K)
 Metaspace       used 92262K, committed 93056K, reserved 1179648K
  class space    used 12684K, committed 13056K, reserved 1048576K
}
Event: 6.484 GC heap before
{Heap before GC invocations=27 (full 0):
 garbage-first heap   total 110592K, used 100577K [0x0000000709800000, 0x0000000800000000)
  region size 2048K, 30 young (61440K), 1 survivors (2048K)
 Metaspace       used 96141K, committed 96960K, reserved 1179648K
  class space    used 13266K, committed 13632K, reserved 1048576K
}
Event: 6.487 GC heap after
{Heap after GC invocations=28 (full 0):
 garbage-first heap   total 110592K, used 41941K [0x0000000709800000, 0x0000000800000000)
  region size 2048K, 2 young (4096K), 2 survivors (4096K)
 Metaspace       used 96141K, committed 96960K, reserved 1179648K
  class space    used 13266K, committed 13632K, reserved 1048576K
}
Event: 267.974 GC heap before
{Heap before GC invocations=28 (full 0):
 garbage-first heap   total 110592K, used 99285K [0x0000000709800000, 0x0000000800000000)
  region size 2048K, 30 young (61440K), 2 survivors (4096K)
 Metaspace       used 97058K, committed 97920K, reserved 1179648K
  class space    used 13480K, committed 13888K, reserved 1048576K
}
Event: 267.979 GC heap after
{Heap after GC invocations=29 (full 0):
 garbage-first heap   total 110592K, used 42745K [0x0000000709800000, 0x0000000800000000)
  region size 2048K, 2 young (4096K), 2 survivors (4096K)
 Metaspace       used 97058K, committed 97920K, reserved 1179648K
  class space    used 13480K, committed 13888K, reserved 1048576K
}
Event: 441.520 GC heap before
{Heap before GC invocations=29 (full 0):
 garbage-first heap   total 110592K, used 98041K [0x0000000709800000, 0x0000000800000000)
  region size 2048K, 30 young (61440K), 2 survivors (4096K)
 Metaspace       used 99773K, committed 100672K, reserved 1179648K
  class space    used 13881K, committed 14272K, reserved 1048576K
}
Event: 441.523 GC heap after
{Heap after GC invocations=30 (full 0):
 garbage-first heap   total 110592K, used 43282K [0x0000000709800000, 0x0000000800000000)
  region size 2048K, 2 young (4096K), 2 survivors (4096K)
 Metaspace       used 99773K, committed 100672K, reserved 1179648K
  class space    used 13881K, committed 14272K, reserved 1048576K
}
Event: 703.411 GC heap before
{Heap before GC invocations=31 (full 0):
 garbage-first heap   total 110592K, used 100626K [0x0000000709800000, 0x0000000800000000)
  region size 2048K, 30 young (61440K), 2 survivors (4096K)
 Metaspace       used 100528K, committed 101248K, reserved 1179648K
  class space    used 13944K, committed 14272K, reserved 1048576K
}
Event: 703.414 GC heap after
{Heap after GC invocations=32 (full 0):
 garbage-first heap   total 110592K, used 44415K [0x0000000709800000, 0x0000000800000000)
  region size 2048K, 3 young (6144K), 3 survivors (6144K)
 Metaspace       used 100528K, committed 101248K, reserved 1179648K
  class space    used 13944K, committed 14272K, reserved 1048576K
}
Event: 1027.734 GC heap before
{Heap before GC invocations=32 (full 0):
 garbage-first heap   total 110592K, used 97663K [0x0000000709800000, 0x0000000800000000)
  region size 2048K, 30 young (61440K), 3 survivors (6144K)
 Metaspace       used 100788K, committed 101568K, reserved 1179648K
  class space    used 14011K, committed 14336K, reserved 1048576K
}
Event: 1027.739 GC heap after
{Heap after GC invocations=33 (full 0):
 garbage-first heap   total 112640K, used 39860K [0x0000000709800000, 0x0000000800000000)
  region size 2048K, 2 young (4096K), 2 survivors (4096K)
 Metaspace       used 100788K, committed 101568K, reserved 1179648K
  class space    used 14011K, committed 14336K, reserved 1048576K
}

