# JRE version: OpenJDK Runtime Environment Corretto-21.0.9.10.1 (21.0.9+10) (build 21.0.9+10-LTS)
# Java VM: OpenJDK 64-Bit Server VM Corretto-21.0.9.10.1 (21.0.9+10-LTS, mixed mode, emulated-client, sharing, tiered, compressed oops, compressed class ptrs, g1 gc, windows-amd64)
GC Precious Log:
 CardTable entry size: 512
 Card Set container configuration: InlinePtr #cards 4 size 8 Array Of Cards #cards 16 size 48 Howl #buckets 8 coarsen threshold 3686 Howl Bitmap #cards 512 size 80 coarsen threshold 460 Card regions per heap region 1 cards per card region 4096
 CPUs: 16 total, 16 available
 Memory: 15772M
 Large Page Support: Disabled
 NUMA Support: Disabled
 Compressed Oops: Enabled (Zero based)
 Heap Region Size: 2M
 Heap Min Capacity: 8M
 Heap Initial Capacity: 248M
 Heap Max Capacity: 3944M
 Pre-touch: Disabled
 Parallel Workers: 13
 Concurrent Workers: 3
 Concurrent Refinement Workers: 13
 Periodic GC: Disabled
Heap:
 garbage-first heap   total 110592K, used 42565K [0x0000000709800000, 0x0000000800000000)
  region size 2048K, 4 young (8192K), 3 survivors (6144K)
 Metaspace       used 99075K, committed 99968K, reserved 1179648K
  class space    used 13769K, committed 14144K, reserved 1048576K
GC Heap History (20 events):
Event: 3.734 GC heap before
{Heap before GC invocations=18 (full 0):
 garbage-first heap   total 92160K, used 74079K [0x0000000709800000, 0x0000000800000000)
  region size 2048K, 27 young (55296K), 3 survivors (6144K)
 Metaspace       used 59270K, committed 59904K, reserved 1114112K
  class space    used 8262K, committed 8576K, reserved 1048576K
}
Event: 3.737 GC heap after
{Heap after GC invocations=19 (full 0):
 garbage-first heap   total 92160K, used 28608K [0x0000000709800000, 0x0000000800000000)
  region size 2048K, 3 young (6144K), 3 survivors (6144K)
 Metaspace       used 59270K, committed 59904K, reserved 1114112K
  class space    used 8262K, committed 8576K, reserved 1048576K
}
Event: 3.995 GC heap before
{Heap before GC invocations=19 (full 0):
 garbage-first heap   total 92160K, used 75712K [0x0000000709800000, 0x0000000800000000)
  region size 2048K, 27 young (55296K), 3 survivors (6144K)
 Metaspace       used 64102K, committed 64768K, reserved 1114112K
  class space    used 8984K, committed 9280K, reserved 1048576K
}
Event: 3.998 GC heap after
{Heap after GC invocations=20 (full 0):
 garbage-first heap   total 92160K, used 29392K [0x0000000709800000, 0x0000000800000000)
  region size 2048K, 3 young (6144K), 3 survivors (6144K)
 Metaspace       used 64102K, committed 64768K, reserved 1114112K
  class space    used 8984K, committed 9280K, reserved 1048576K
}
Event: 4.291 GC heap before
{Heap before GC invocations=20 (full 0):
 garbage-first heap   total 92160K, used 76496K [0x0000000709800000, 0x0000000800000000)
  region size 2048K, 27 young (55296K), 3 survivors (6144K)
 Metaspace       used 68616K, committed 69248K, reserved 1114112K
  class space    used 9697K, committed 9984K, reserved 1048576K
}
Event: 4.293 GC heap after
{Heap after GC invocations=21 (full 0):
 garbage-first heap   total 110592K, used 30593K [0x0000000709800000, 0x0000000800000000)
  region size 2048K, 3 young (6144K), 3 survivors (6144K)
 Metaspace       used 68616K, committed 69248K, reserved 1114112K
  class space    used 9697K, committed 9984K, reserved 1048576K
}
Event: 4.815 GC heap before
{Heap before GC invocations=21 (full 0):
 garbage-first heap   total 110592K, used 89985K [0x0000000709800000, 0x0000000800000000)
  region size 2048K, 32 young (65536K), 3 survivors (6144K)
 Metaspace       used 74305K, committed 75008K, reserved 1114112K
  class space    used 10596K, committed 10880K, reserved 1048576K
}
Event: 4.818 GC heap after
{Heap after GC invocations=22 (full 0):
 garbage-first heap   total 110592K, used 32982K [0x0000000709800000, 0x0000000800000000)
  region size 2048K, 4 young (8192K), 4 survivors (8192K)
 Metaspace       used 74305K, committed 75008K, reserved 1114112K
  class space    used 10596K, committed 10880K, reserved 1048576K
}
Event: 5.166 GC heap before
{Heap before GC invocations=22 (full 0):
 garbage-first heap   total 110592K, used 90326K [0x0000000709800000, 0x0000000800000000)
  region size 2048K, 32 young (65536K), 4 survivors (8192K)
 Metaspace       used 80348K, committed 81088K, reserved 1179648K
  class space    used 11341K, committed 11648K, reserved 1048576K
}
Event: 5.169 GC heap after
{Heap after GC invocations=23 (full 0):
 garbage-first heap   total 110592K, used 34219K [0x0000000709800000, 0x0000000800000000)
  region size 2048K, 3 young (6144K), 3 survivors (6144K)
 Metaspace       used 80348K, committed 81088K, reserved 1179648K
  class space    used 11341K, committed 11648K, reserved 1048576K
}
Event: 5.624 GC heap before
{Heap before GC invocations=23 (full 0):
 garbage-first heap   total 110592K, used 93611K [0x0000000709800000, 0x0000000800000000)
  region size 2048K, 32 young (65536K), 3 survivors (6144K)
 Metaspace       used 84388K, committed 85184K, reserved 1179648K
  class space    used 11979K, committed 12352K, reserved 1048576K
}
Event: 5.627 GC heap after
{Heap after GC invocations=24 (full 0):
 garbage-first heap   total 110592K, used 38260K [0x0000000709800000, 0x0000000800000000)
  region size 2048K, 4 young (8192K), 4 survivors (8192K)
 Metaspace       used 84388K, committed 85184K, reserved 1179648K
  class space    used 11979K, committed 12352K, reserved 1048576K
}
Event: 5.943 GC heap before
{Heap before GC invocations=24 (full 0):
 garbage-first heap   total 110592K, used 95604K [0x0000000709800000, 0x0000000800000000)
  region size 2048K, 32 young (65536K), 4 survivors (8192K)
 Metaspace       used 89489K, committed 90304K, reserved 1179648K
  class space    used 12508K, committed 12864K, reserved 1048576K
}
Event: 5.947 GC heap after
{Heap after GC invocations=25 (full 0):
 garbage-first heap   total 110592K, used 40468K [0x0000000709800000, 0x0000000800000000)
  region size 2048K, 3 young (6144K), 3 survivors (6144K)
 Metaspace       used 89489K, committed 90304K, reserved 1179648K
  class space    used 12508K, committed 12864K, reserved 1048576K
}
Event: 6.054 GC heap before
{Heap before GC invocations=25 (full 0):
 garbage-first heap   total 110592K, used 69140K [0x0000000709800000, 0x0000000800000000)
  region size 2048K, 18 young (36864K), 3 survivors (6144K)
 Metaspace       used 92268K, committed 93056K, reserved 1179648K
  class space    used 12686K, committed 13056K, reserved 1048576K
}
Event: 6.057 GC heap after
{Heap after GC invocations=26 (full 0):
 garbage-first heap   total 110592K, used 41025K [0x0000000709800000, 0x0000000800000000)
  region size 2048K, 2 young (4096K), 2 survivors (4096K)
 Metaspace       used 92268K, committed 93056K, reserved 1179648K
  class space    used 12686K, committed 13056K, reserved 1048576K
}
Event: 6.386 GC heap before
{Heap before GC invocations=27 (full 0):
 garbage-first heap   total 110592K, used 100417K [0x0000000709800000, 0x0000000800000000)
  region size 2048K, 31 young (63488K), 2 survivors (4096K)
 Metaspace       used 96200K, committed 97088K, reserved 1179648K
  class space    used 13279K, committed 13696K, reserved 1048576K
}
Event: 6.389 GC heap after
{Heap after GC invocations=28 (full 0):
 garbage-first heap   total 110592K, used 41847K [0x0000000709800000, 0x0000000800000000)
  region size 2048K, 2 young (4096K), 2 survivors (4096K)
 Metaspace       used 96200K, committed 97088K, reserved 1179648K
  class space    used 13279K, committed 13696K, reserved 1048576K
}
Event: 223.999 GC heap before
{Heap before GC invocations=28 (full 0):
 garbage-first heap   total 110592K, used 101239K [0x0000000709800000, 0x0000000800000000)
  region size 2048K, 31 young (63488K), 2 survivors (4096K)
 Metaspace       used 99063K, committed 99904K, reserved 1179648K
  class space    used 13769K, committed 14144K, reserved 1048576K
}
Event: 224.003 GC heap after
{Heap after GC invocations=29 (full 0):
 garbage-first heap   total 110592K, used 42565K [0x0000000709800000, 0x0000000800000000)
  region size 2048K, 3 young (6144K), 3 survivors (6144K)
 Metaspace       used 99063K, committed 99904K, reserved 1179648K
  class space    used 13769K, committed 14144K, reserved 1048576K
}

