# JRE version: OpenJDK Runtime Environment Corretto-21.0.9.10.1 (21.0.9+10) (build 21.0.9+10-LTS)
# Java VM: OpenJDK 64-Bit Server VM Corretto-21.0.9.10.1 (21.0.9+10-LTS, mixed mode, emulated-client, sharing, tiered, compressed oops, compressed class ptrs, g1 gc, windows-amd64)
GC Precious Log:
 CardTable entry size: 512
 Card Set container configuration: InlinePtr #cards 4 size 8 Array Of Cards #cards 16 size 48 Howl #buckets 8 coarsen threshold 3686 Howl Bitmap #cards 512 size 80 coarsen threshold 460 Card regions per heap region 1 cards per card region 4096
 CPUs: 16 total, 16 available
 Memory: 15772M
 Large Page Support: Disabled
 NUMA Support: Disabled
 Compressed Oops: Enabled (Zero based)
 Heap Region Size: 2M
 Heap Min Capacity: 8M
 Heap Initial Capacity: 248M
 Heap Max Capacity: 3944M
 Pre-touch: Disabled
 Parallel Workers: 13
 Concurrent Workers: 3
 Concurrent Refinement Workers: 13
 Periodic GC: Disabled
Heap:
 garbage-first heap   total 133120K, used 111553K [0x0000000709800000, 0x0000000800000000)
  region size 2048K, 38 young (77824K), 2 survivors (4096K)
 Metaspace       used 100615K, committed 101568K, reserved 1179648K
  class space    used 13931K, committed 14336K, reserved 1048576K
GC Heap History (20 events):
Event: 3.425 GC heap before
{Heap before GC invocations=15 (full 0):
 garbage-first heap   total 92160K, used 51641K [0x0000000709800000, 0x0000000800000000)
  region size 2048K, 15 young (30720K), 2 survivors (4096K)
 Metaspace       used 55009K, committed 55616K, reserved 1114112K
  class space    used 7542K, committed 7808K, reserved 1048576K
}
Event: 3.427 GC heap after
{Heap after GC invocations=16 (full 0):
 garbage-first heap   total 92160K, used 27256K [0x0000000709800000, 0x0000000800000000)
  region size 2048K, 3 young (6144K), 3 survivors (6144K)
 Metaspace       used 55009K, committed 55616K, reserved 1114112K
  class space    used 7542K, committed 7808K, reserved 1048576K
}
Event: 3.728 GC heap before
{Heap before GC invocations=17 (full 0):
 garbage-first heap   total 92160K, used 74360K [0x0000000709800000, 0x0000000800000000)
  region size 2048K, 27 young (55296K), 3 survivors (6144K)
 Metaspace       used 59276K, committed 59968K, reserved 1114112K
  class space    used 8265K, committed 8576K, reserved 1048576K
}
Event: 3.731 GC heap after
{Heap after GC invocations=18 (full 0):
 garbage-first heap   total 110592K, used 29113K [0x0000000709800000, 0x0000000800000000)
  region size 2048K, 3 young (6144K), 3 survivors (6144K)
 Metaspace       used 59276K, committed 59968K, reserved 1114112K
  class space    used 8265K, committed 8576K, reserved 1048576K
}
Event: 4.084 GC heap before
{Heap before GC invocations=18 (full 0):
 garbage-first heap   total 110592K, used 86457K [0x0000000709800000, 0x0000000800000000)
  region size 2048K, 32 young (65536K), 3 survivors (6144K)
 Metaspace       used 65684K, committed 66304K, reserved 1114112K
  class space    used 9174K, committed 9472K, reserved 1048576K
}
Event: 4.088 GC heap after
{Heap after GC invocations=19 (full 0):
 garbage-first heap   total 110592K, used 29868K [0x0000000709800000, 0x0000000800000000)
  region size 2048K, 3 young (6144K), 3 survivors (6144K)
 Metaspace       used 65684K, committed 66304K, reserved 1114112K
  class space    used 9174K, committed 9472K, reserved 1048576K
}
Event: 4.457 GC heap before
{Heap before GC invocations=19 (full 0):
 garbage-first heap   total 110592K, used 89260K [0x0000000709800000, 0x0000000800000000)
  region size 2048K, 32 young (65536K), 3 survivors (6144K)
 Metaspace       used 70727K, committed 71424K, reserved 1114112K
  class space    used 10029K, committed 10304K, reserved 1048576K
}
Event: 4.459 GC heap after
{Heap after GC invocations=20 (full 0):
 garbage-first heap   total 110592K, used 31135K [0x0000000709800000, 0x0000000800000000)
  region size 2048K, 3 young (6144K), 3 survivors (6144K)
 Metaspace       used 70727K, committed 71424K, reserved 1114112K
  class space    used 10029K, committed 10304K, reserved 1048576K
}
Event: 5.025 GC heap before
{Heap before GC invocations=20 (full 0):
 garbage-first heap   total 110592K, used 90527K [0x0000000709800000, 0x0000000800000000)
  region size 2048K, 32 young (65536K), 3 survivors (6144K)
 Metaspace       used 76809K, committed 77504K, reserved 1179648K
  class space    used 10904K, committed 11200K, reserved 1048576K
}
Event: 5.028 GC heap after
{Heap after GC invocations=21 (full 0):
 garbage-first heap   total 110592K, used 33494K [0x0000000709800000, 0x0000000800000000)
  region size 2048K, 4 young (8192K), 4 survivors (8192K)
 Metaspace       used 76809K, committed 77504K, reserved 1179648K
  class space    used 10904K, committed 11200K, reserved 1048576K
}
Event: 5.438 GC heap before
{Heap before GC invocations=21 (full 0):
 garbage-first heap   total 110592K, used 90838K [0x0000000709800000, 0x0000000800000000)
  region size 2048K, 32 young (65536K), 4 survivors (8192K)
 Metaspace       used 81641K, committed 82368K, reserved 1179648K
  class space    used 11540K, committed 11904K, reserved 1048576K
}
Event: 5.442 GC heap after
{Heap after GC invocations=22 (full 0):
 garbage-first heap   total 110592K, used 35661K [0x0000000709800000, 0x0000000800000000)
  region size 2048K, 3 young (6144K), 3 survivors (6144K)
 Metaspace       used 81641K, committed 82368K, reserved 1179648K
  class space    used 11540K, committed 11904K, reserved 1048576K
}
Event: 5.904 GC heap before
{Heap before GC invocations=22 (full 0):
 garbage-first heap   total 110592K, used 95053K [0x0000000709800000, 0x0000000800000000)
  region size 2048K, 32 young (65536K), 3 survivors (6144K)
 Metaspace       used 85866K, committed 86720K, reserved 1179648K
  class space    used 12218K, committed 12608K, reserved 1048576K
}
Event: 5.909 GC heap after
{Heap after GC invocations=23 (full 0):
 garbage-first heap   total 110592K, used 39201K [0x0000000709800000, 0x0000000800000000)
  region size 2048K, 3 young (6144K), 3 survivors (6144K)
 Metaspace       used 85866K, committed 86720K, reserved 1179648K
  class space    used 12218K, committed 12608K, reserved 1048576K
}
Event: 6.165 GC heap before
{Heap before GC invocations=23 (full 0):
 garbage-first heap   total 110592K, used 96545K [0x0000000709800000, 0x0000000800000000)
  region size 2048K, 32 young (65536K), 3 survivors (6144K)
 Metaspace       used 91588K, committed 92416K, reserved 1179648K
  class space    used 12646K, committed 12992K, reserved 1048576K
}
Event: 6.168 GC heap after
{Heap after GC invocations=24 (full 0):
 garbage-first heap   total 110592K, used 40677K [0x0000000709800000, 0x0000000800000000)
  region size 2048K, 3 young (6144K), 3 survivors (6144K)
 Metaspace       used 91588K, committed 92416K, reserved 1179648K
  class space    used 12646K, committed 12992K, reserved 1048576K
}
Event: 6.192 GC heap before
{Heap before GC invocations=24 (full 0):
 garbage-first heap   total 110592K, used 46821K [0x0000000709800000, 0x0000000800000000)
  region size 2048K, 7 young (14336K), 3 survivors (6144K)
 Metaspace       used 92232K, committed 93056K, reserved 1179648K
  class space    used 12690K, committed 13056K, reserved 1048576K
}
Event: 6.194 GC heap after
{Heap after GC invocations=25 (full 0):
 garbage-first heap   total 110592K, used 40902K [0x0000000709800000, 0x0000000800000000)
  region size 2048K, 1 young (2048K), 1 survivors (2048K)
 Metaspace       used 92232K, committed 93056K, reserved 1179648K
  class space    used 12690K, committed 13056K, reserved 1048576K
}
Event: 6.505 GC heap before
{Heap before GC invocations=26 (full 0):
 garbage-first heap   total 110592K, used 100294K [0x0000000709800000, 0x0000000800000000)
  region size 2048K, 30 young (61440K), 1 survivors (2048K)
 Metaspace       used 96184K, committed 97088K, reserved 1179648K
  class space    used 13280K, committed 13696K, reserved 1048576K
}
Event: 6.507 GC heap after
{Heap after GC invocations=27 (full 0):
 garbage-first heap   total 133120K, used 41921K [0x0000000709800000, 0x0000000800000000)
  region size 2048K, 2 young (4096K), 2 survivors (4096K)
 Metaspace       used 96184K, committed 97088K, reserved 1179648K
  class space    used 13280K, committed 13696K, reserved 1048576K
}

